<?xml version="1.0" encoding="UTF-8"?>
<!-- Generated by org.testng.reporters.JUnitReportReporter -->
<testsuite hostname="LAPTOP-VRF7QEJL" failures="0" tests="1" name="testCaseRepo.TC_003" time="12.302" errors="0" timestamp="2025-03-21T09:47:17 IST" skipped="0">
  <testcase classname="testCaseRepo.TC_003" name="LE_003" time="12.302">
    <system-out>
      <![CDATA[LE_003 On Test Start executed
LE_003 On Test Success executed]]>
    </system-out>
  </testcase> <!-- LE_003 -->
  <system-out>
    <![CDATA[LE_001 On Test Start executed
LE_001 On Test Failure executed
LE_003 On Test Start executed
LE_003 On Test Success executed
CON_002 On Test Start executed
CON_002 On Test Success executed]]>
  </system-out>
</testsuite> <!-- testCaseRepo.TC_003 -->
