<?xml version="1.0" encoding="UTF-8"?>
<!-- Generated by org.testng.reporters.JUnitReportReporter -->
<testsuite hostname="LAPTOP-VRF7QEJL" failures="0" tests="2" name="sample.DataProviderPractice" time="17.978" errors="0" timestamp="2025-03-24T09:09:01 IST" skipped="0">
  <testcase classname="sample.DataProviderPractice" name="practice" time="7.607"/>
  <testcase classname="sample.DataProviderPractice" name="practice" time="10.371"/>
</testsuite> <!-- sample.DataProviderPractice -->
