<?xml version="1.0" encoding="UTF-8"?>
<!-- Generated by org.testng.reporters.JUnitReportReporter -->
<testsuite hostname="LAPTOP-VRF7QEJL" failures="0" tests="3" name="sample.TestNGPractice" time="0.022" errors="0" timestamp="2025-03-20T09:25:21 IST" skipped="0">
  <testcase classname="sample.TestNGPractice" name="modifyUser" time="0.002">
    <system-out>
      <![CDATA[modifyUser On Test Start executed
modifyUser On Test Success executed]]>
    </system-out>
  </testcase> <!-- modifyUser -->
  <testcase classname="sample.TestNGPractice" name="createUser" time="0.018">
    <system-out>
      <![CDATA[createUser On Test Start executed
createUser On Test Success executed]]>
    </system-out>
  </testcase> <!-- createUser -->
  <testcase classname="sample.TestNGPractice" name="deleteUser" time="0.002">
    <system-out>
      <![CDATA[deleteUser On Test Start executed
deleteUser On Test Success executed]]>
    </system-out>
  </testcase> <!-- deleteUser -->
  <system-out>
    <![CDATA[createUser On Test Start executed
createUser On Test Success executed
deleteUser On Test Start executed
deleteUser On Test Success executed
modifyUser On Test Start executed
modifyUser On Test Success executed]]>
  </system-out>
</testsuite> <!-- sample.TestNGPractice -->
