<?xml version="1.0" encoding="UTF-8"?>
<!-- Generated by org.testng.reporters.JUnitReportReporter -->
<testsuite hostname="LAPTOP-VRF7QEJL" failures="0" tests="1" name="sample.AnnotationPractice" time="0.006" errors="0" timestamp="2025-03-15T10:16:00 IST" skipped="0">
  <testcase classname="sample.AnnotationPractice" name="testMethod" time="0.006"/>
</testsuite> <!-- sample.AnnotationPractice -->
