<?xml version="1.0" encoding="UTF-8"?>
<!-- Generated by org.testng.reporters.JUnitReportReporter -->
<testsuite hostname="LAPTOP-VRF7QEJL" failures="0" tests="1" name="testCaseRepo.TC_004" time="19.028" errors="0" timestamp="2025-03-22T09:21:31 IST" skipped="0">
  <testcase classname="testCaseRepo.TC_004" name="CON_001" time="19.028">
    <system-out>
      <![CDATA[CON_001 On Test Start executed
CON_001 On Test Success executed]]>
    </system-out>
  </testcase> <!-- CON_001 -->
  <system-out>
    <![CDATA[CON_002 On Test Start executed
LE_001 On Test Start executed
CON_001 On Test Start executed
LE_001 On Test Failure executed
CON_001 On Test Success executed
CON_002 On Test Success executed]]>
  </system-out>
</testsuite> <!-- testCaseRepo.TC_004 -->
