<?xml version="1.0" encoding="UTF-8"?>
<!-- Generated by org.testng.reporters.JUnitReportReporter -->
<testsuite hostname="LAPTOP-VRF7QEJL" failures="0" tests="1" name="sample.TC_Practice" time="25.051" errors="0" timestamp="2025-03-15T10:30:00 IST" skipped="0">
  <testcase classname="sample.TC_Practice" name="textCase" time="25.051"/>
</testsuite> <!-- sample.TC_Practice -->
