<?xml version="1.0" encoding="UTF-8"?>
<!-- Generated by org.testng.reporters.JUnitReportReporter -->
<testsuite hostname="LAPTOP-VRF7QEJL" failures="0" tests="1" name="testCaseRepo.TC_002" time="25.740" errors="0" timestamp="2025-03-25T10:36:29 IST" skipped="0">
  <testcase classname="testCaseRepo.TC_002" name="LE_002" time="25.740"/>
</testsuite> <!-- testCaseRepo.TC_002 -->
