<?xml version="1.0" encoding="UTF-8"?>
<!-- Generated by org.testng.reporters.JUnitReportReporter -->
<testsuite hostname="LAPTOP-VRF7QEJL" failures="0" tests="1" name="testCaseRepo.TC_004" time="26.645" errors="0" timestamp="2025-03-26T10:20:37 IST" skipped="0">
  <testcase classname="testCaseRepo.TC_004" name="CON_001" time="26.645"/>
</testsuite> <!-- testCaseRepo.TC_004 -->
