<?xml version="1.0" encoding="UTF-8"?>
<!-- Generated by org.testng.reporters.JUnitReportReporter -->
<testsuite hostname="LAPTOP-VRF7QEJL" failures="0" tests="1" name="testCaseRepo.TC_001Test" time="24.809" errors="0" timestamp="2025-03-26T10:01:30 IST" skipped="0">
  <testcase classname="testCaseRepo.TC_001Test" name="LE_001" time="24.809">
    <system-out>
      <![CDATA[LE_001 On Test Start executed
LE_001 On Test Success executed]]>
    </system-out>
  </testcase> <!-- LE_001 -->
  <system-out>
    <![CDATA[LE_003 On Test Start executed
LE_003 On Test Success executed
LE_001 On Test Start executed
LE_001 On Test Success executed
CON_002 On Test Start executed
CON_002 On Test Success executed]]>
  </system-out>
</testsuite> <!-- testCaseRepo.TC_001Test -->
