<?xml version="1.0" encoding="UTF-8"?>
<!-- Generated by org.testng.reporters.JUnitReportReporter -->
<testsuite hostname="LAPTOP-VRF7QEJL" failures="0" tests="1" name="testCaseRepo.TC_006" time="31.436" errors="0" timestamp="2025-03-26T09:59:44 IST" skipped="0">
  <testcase classname="testCaseRepo.TC_006" name="CON_003" time="31.436"/>
  <system-out>
    <![CDATA[LE_001 On Test Start executed
LE_001 On Test Success executed]]>
  </system-out>
</testsuite> <!-- testCaseRepo.TC_006 -->
